<?xml version="1.0" encoding="UTF-8"?>
<testsuite name="CalculatorTest" tests="20" skipped="0" failures="0" errors="0" timestamp="2025-11-23T18:19:29" hostname="WIN-5NNS23NFUDR" time="0.261">
  <properties/>
  <testcase name="testBoundaryA2()" classname="CalculatorTest" time="0.123"/>
  <testcase name="testBoundaryA3()" classname="CalculatorTest" time="0.005"/>
  <testcase name="testBoundaryA8()" classname="CalculatorTest" time="0.004"/>
  <testcase name="testBoundaryA9()" classname="CalculatorTest" time="0.002"/>
  <testcase name="testBoundaryB4()" classname="CalculatorTest" time="0.002"/>
  <testcase name="testBoundaryB5()" classname="CalculatorTest" time="0.002"/>
  <testcase name="testBoundaryB6()" classname="CalculatorTest" time="0.002"/>
  <testcase name="testCondition1FalseByA()" classname="CalculatorTest" time="0.017"/>
  <testcase name="testCondition1FalseByB()" classname="CalculatorTest" time="0.001"/>
  <testcase name="testCondition1True()" classname="CalculatorTest" time="0.002"/>
  <testcase name="testPath2_C1True_C2False()" classname="CalculatorTest" time="0.002"/>
  <testcase name="testPath1_C1True_C2True()" classname="CalculatorTest" time="0.002"/>
  <testcase name="testCondition2TrueByA()" classname="CalculatorTest" time="0.005"/>
  <testcase name="testCondition2False()" classname="CalculatorTest" time="0.003"/>
  <testcase name="testCondition2TrueByResult()" classname="CalculatorTest" time="0.004"/>
  <testcase name="testPath3_C1False_C2True()" classname="CalculatorTest" time="0.002"/>
  <testcase name="testBoundaryResult6()" classname="CalculatorTest" time="0.002"/>
  <testcase name="testBoundaryResult7()" classname="CalculatorTest" time="0.002"/>
  <testcase name="testPath4_C1False_C2False()" classname="CalculatorTest" time="0.002"/>
  <testcase name="testCondition2BothTrue()" classname="CalculatorTest" time="0.001"/>
  <system-out><![CDATA[]]></system-out>
  <system-err><![CDATA[]]></system-err>
</testsuite>
