TN:
SF:src\calculator.ts
FN:1,calculate
FN:13,calculateLegacy
FNF:2
FNH:2
FNDA:10,calculate
FNDA:13,calculateLegacy
DA:1,2
DA:2,10
DA:3,7
DA:6,10
DA:7,8
DA:10,10
DA:13,2
DA:14,13
DA:15,2
DA:16,11
DA:17,3
DA:18,8
DA:19,3
DA:21,5
DA:22,5
LF:15
LH:15
BRDA:2,0,0,7
BRDA:2,1,0,10
BRDA:2,1,1,9
BRDA:6,2,0,8
BRDA:6,3,0,10
BRDA:6,3,1,5
BRDA:14,4,0,2
BRDA:14,4,1,11
BRDA:14,5,0,13
BRDA:14,5,1,5
BRDA:16,6,0,3
BRDA:16,6,1,8
BRDA:16,7,0,11
BRDA:16,7,1,3
BRDA:18,8,0,3
BRDA:18,8,1,5
BRDA:18,9,0,8
BRDA:18,9,1,8
BRDA:22,10,0,1
BRDA:22,10,1,4
BRF:20
BRH:20
end_of_record
