<?xml version="1.0" encoding="UTF-8"?>
<testsuite xmlns:xsi="http://www.w3.org/2001/XMLSchema-instance" xsi:noNamespaceSchemaLocation="https://maven.apache.org/surefire/maven-surefire-plugin/xsd/surefire-test-report-3.0.xsd" version="3.0" name="CalculatorTest" time="0.151" tests="20" errors="0" skipped="0" failures="0">
  <properties>
[...]
</properties>
  <testcase name="testBoundaryA2" classname="CalculatorTest" time="0.063"/>
  <testcase name="testBoundaryA3" classname="CalculatorTest" time="0.002"/>
  <testcase name="testBoundaryA8" classname="CalculatorTest" time="0.002"/>
  <testcase name="testBoundaryA9" classname="CalculatorTest" time="0.001"/>
  <testcase name="testBoundaryB4" classname="CalculatorTest" time="0.001"/>
  <testcase name="testBoundaryB5" classname="CalculatorTest" time="0.001"/>
  <testcase name="testBoundaryB6" classname="CalculatorTest" time="0.002"/>
  <testcase name="testCondition1FalseByA" classname="CalculatorTest" time="0.001"/>
  <testcase name="testCondition1FalseByB" classname="CalculatorTest" time="0.002"/>
  <testcase name="testCondition1True" classname="CalculatorTest" time="0.001"/>
  <testcase name="testPath2_C1True_C2False" classname="CalculatorTest" time="0.002"/>
  <testcase name="testPath1_C1True_C2True" classname="CalculatorTest" time="0.001"/>
  <testcase name="testCondition2TrueByA" classname="CalculatorTest" time="0.001"/>
  <testcase name="testCondition2False" classname="CalculatorTest" time="0.001"/>
  <testcase name="testCondition2TrueByResult" classname="CalculatorTest" time="0.001"/>
  <testcase name="testPath3_C1False_C2True" classname="CalculatorTest" time="0.001"/>
  <testcase name="testBoundaryResult6" classname="CalculatorTest" time="0.001"/>
  <testcase name="testBoundaryResult7" classname="CalculatorTest" time="0.001"/>
  <testcase name="testPath4_C1False_C2False" classname="CalculatorTest" time="0.001"/>
  <testcase name="testCondition2BothTrue" classname="CalculatorTest" time="0.001"/>
</testsuite>