TN:
SF:src/pages/BasePage.ts
FN:1,(anonymous_0)
FN:18,BasePage
FN:22,(anonymous_2)
FN:30,waitForElement
FN:61,getElementText
FN:75,getElementAttribute
FN:91,clickElement
FN:105,typeText
FN:119,isElementVisible
FN:145,getElementsCount
FN:159,scrollToElement
FN:175,takeScreenshot
FN:189,navigate
FNF:12
FNH:10
FNDA:1,(anonymous_0)
FNDA:10,BasePage
FNDA:15,(anonymous_2)
FNDA:45,waitForElement
FNDA:30,getElementText
FNDA:25,getElementAttribute
FNDA:20,clickElement
FNDA:18,typeText
FNDA:12,isElementVisible
FNDA:8,getElementsCount
FNDA:5,scrollToElement
FNDA:3,takeScreenshot
FNDA:0,navigate
DA:1,1
DA:18,10
DA:19,10
DA:20,10
DA:22,15
DA:23,15
DA:24,15
DA:25,15
DA:30,45
DA:31,45
DA:32,45
DA:33,45
DA:34,45
DA:35,45
DA:36,45
DA:37,45
DA:38,45
DA:39,45
DA:40,45
DA:41,45
DA:42,45
DA:43,45
DA:44,45
DA:45,45
DA:46,45
DA:47,45
DA:48,45
DA:49,45
DA:50,45
DA:51,45
DA:52,45
DA:53,45
DA:54,45
DA:55,45
DA:56,45
DA:57,45
DA:58,45
DA:59,45
DA:60,45
DA:61,30
DA:62,30
DA:63,30
DA:64,30
DA:65,30
DA:66,30
DA:67,30
DA:68,30
DA:69,30
DA:70,30
DA:71,30
DA:72,30
DA:73,30
DA:74,30
DA:75,25
DA:76,25
DA:77,25
DA:78,25
DA:79,25
DA:80,25
DA:81,25
DA:82,25
DA:83,25
DA:84,25
DA:85,25
DA:86,25
DA:87,25
DA:88,25
DA:89,25
DA:90,25
DA:91,20
DA:92,20
DA:93,20
DA:94,20
DA:95,20
DA:96,20
DA:97,20
DA:98,20
DA:99,20
DA:100,20
DA:101,20
DA:102,20
DA:103,20
DA:104,20
DA:105,18
DA:106,18
DA:107,18
DA:108,18
DA:109,18
DA:110,18
DA:111,18
DA:112,18
DA:113,18
DA:114,18
DA:115,18
DA:116,18
DA:117,18
DA:118,18
DA:119,12
DA:120,12
DA:121,12
DA:122,12
DA:123,12
DA:124,12
DA:125,12
DA:126,12
DA:127,12
DA:128,12
DA:129,12
DA:130,12
DA:131,12
DA:132,12
DA:133,12
DA:134,12
DA:135,12
DA:136,12
DA:137,12
DA:138,12
DA:139,12
DA:140,12
DA:141,12
DA:142,12
DA:143,12
DA:144,12
DA:145,8
DA:146,8
DA:147,8
DA:148,8
DA:149,8
DA:150,8
DA:151,8
DA:152,8
DA:153,8
DA:154,8
DA:155,8
DA:156,8
DA:157,8
DA:158,8
DA:159,5
DA:160,5
DA:161,5
DA:162,5
DA:163,5
DA:164,5
DA:165,5
DA:166,5
DA:167,5
DA:168,5
DA:169,5
DA:170,5
DA:171,5
DA:172,5
DA:173,5
DA:174,5
DA:175,3
DA:176,3
DA:177,3
DA:178,3
DA:179,3
DA:180,3
DA:181,3
DA:182,3
DA:183,3
DA:184,3
DA:185,3
DA:186,3
DA:187,3
DA:188,3
DA:189,0
DA:190,0
DA:191,0
DA:192,0
DA:193,0
DA:194,0
DA:195,0
DA:196,0
DA:197,0
DA:198,0
DA:199,0
DA:200,0
LF:200
LH:195
BRF:15
BRH:12
BRDA:33,0,0,45
BRDA:33,0,1,0
BRDA:39,1,0,45
BRDA:39,1,1,0
BRDA:46,2,0,45
BRDA:46,2,1,0
BRDA:62,3,0,30
BRDA:62,3,1,0
BRDA:76,4,0,25
BRDA:76,4,1,0
BRDA:77,5,0,25
BRDA:77,5,1,0
BRDA:92,6,0,20
BRDA:92,6,1,0
BRDA:120,7,0,12
BRDA:120,7,1,0
BRDA:121,8,0,12
BRDA:121,8,1,0
BRDA:122,9,0,12
BRDA:122,9,1,0
BRDA:123,10,0,12
BRDA:123,10,1,0
BRDA:124,11,0,12
BRDA:124,11,1,0
BRDA:125,12,0,12
BRDA:125,12,1,0
BRDA:160,13,0,5
BRDA:160,13,1,0
BRDA:176,14,0,3
BRDA:176,14,1,0
end_of_record
TN:
SF:src/pages/HabrMainPage.ts
FN:1,(anonymous_0)
FN:25,HabrMainPage
FN:29,(anonymous_2)
FN:37,constructor
FN:41,navigate
FN:58,closePopupIfExists
FN:78,isLogoVisible
FN:85,isNavigationVisible
FN:92,isLoginButtonVisible
FN:99,navigateToSection
FN:109,waitForNavigation
FN:117,openSearch
FN:125,searchArticles
FN:140,getSearchResults
FN:180,getArticlesOnPage
FN:220,getArticlesCount
FN:230,openFirstArticle
FN:240,sortArticles
FN:250,filterByTime
FN:260,goToLoginPage
FN:268,goToRegisterPage
FN:276,getPageTitle
FN:284,getCurrentUrl
FN:292,getHeaderText
FNF:23
FNH:18
FNDA:1,(anonymous_0)
FNDA:8,HabrMainPage
FNDA:12,(anonymous_2)
FNDA:8,constructor
FNDA:6,navigate
FNDA:6,closePopupIfExists
FNDA:5,isLogoVisible
FNDA:5,isNavigationVisible
FNDA:5,isLoginButtonVisible
FNDA:4,navigateToSection
FNDA:3,waitForNavigation
FNDA:3,openSearch
FNDA:2,searchArticles
FNDA:2,getSearchResults
FNDA:2,getArticlesOnPage
FNDA:2,getArticlesCount
FNDA:1,openFirstArticle
FNDA:1,sortArticles
FNDA:1,filterByTime
FNDA:1,goToLoginPage
FNDA:1,goToRegisterPage
FNDA:1,getPageTitle
FNDA:1,getCurrentUrl
FNDA:1,getHeaderText
DA:1,1
DA:25,8
DA:26,8
DA:27,8
DA:29,12
DA:30,12
DA:31,12
DA:32,12
DA:37,8
DA:38,8
DA:39,8
DA:40,8
DA:41,6
DA:42,6
DA:43,6
DA:44,6
DA:45,6
DA:46,6
DA:47,6
DA:48,6
DA:49,6
DA:50,6
DA:51,6
DA:52,6
DA:53,6
DA:54,6
DA:55,6
DA:56,6
DA:57,6
DA:58,6
DA:59,6
DA:60,6
DA:61,6
DA:62,6
DA:63,6
DA:64,6
DA:65,6
DA:66,6
DA:67,6
DA:68,6
DA:69,6
DA:70,6
DA:71,6
DA:72,6
DA:73,6
DA:74,6
DA:75,6
DA:76,6
DA:77,6
DA:78,5
DA:79,5
DA:80,5
DA:81,5
DA:82,5
DA:83,5
DA:84,5
DA:85,5
DA:86,5
DA:87,5
DA:88,5
DA:89,5
DA:90,5
DA:91,5
DA:92,5
DA:93,5
DA:94,5
DA:95,5
DA:96,5
DA:97,5
DA:98,5
DA:99,4
DA:100,4
DA:101,4
DA:102,4
DA:103,4
DA:104,4
DA:105,4
DA:106,4
DA:107,4
DA:108,4
DA:109,3
DA:110,3
DA:111,3
DA:112,3
DA:113,3
DA:114,3
DA:115,3
DA:116,3
DA:117,3
DA:118,3
DA:119,3
DA:120,3
DA:121,3
DA:122,3
DA:123,3
DA:124,3
DA:125,2
DA:126,2
DA:127,2
DA:128,2
DA:129,2
DA:130,2
DA:131,2
DA:132,2
DA:133,2
DA:134,2
DA:135,2
DA:136,2
DA:137,2
DA:138,2
DA:139,2
DA:140,2
DA:141,2
DA:142,2
DA:143,2
DA:144,2
DA:145,2
DA:146,2
DA:147,2
DA:148,2
DA:149,2
DA:150,2
DA:151,2
DA:152,2
DA:153,2
DA:154,2
DA:155,2
DA:156,2
DA:157,2
DA:158,2
DA:159,2
DA:160,2
DA:161,2
DA:162,2
DA:163,2
DA:164,2
DA:165,2
DA:166,2
DA:167,2
DA:168,2
DA:169,2
DA:170,2
DA:171,2
DA:172,2
DA:173,2
DA:174,2
DA:175,2
DA:176,2
DA:177,2
DA:178,2
DA:179,2
DA:180,2
DA:181,2
DA:182,2
DA:183,2
DA:184,2
DA:185,2
DA:186,2
DA:187,2
DA:188,2
DA:189,2
DA:190,2
DA:191,2
DA:192,2
DA:193,2
DA:194,2
DA:195,2
DA:196,2
DA:197,2
DA:198,2
DA:199,2
DA:200,2
DA:201,2
DA:202,2
DA:203,2
DA:204,2
DA:205,2
DA:206,2
DA:207,2
DA:208,2
DA:209,2
DA:210,2
DA:211,2
DA:212,2
DA:213,2
DA:214,2
DA:215,2
DA:216,2
DA:217,2
DA:218,2
DA:219,2
DA:220,2
DA:221,2
DA:222,2
DA:223,2
DA:224,2
DA:225,2
DA:226,2
DA:227,2
DA:228,2
DA:229,2
DA:230,1
DA:231,1
DA:232,1
DA:233,1
DA:234,1
DA:235,1
DA:236,1
DA:237,1
DA:238,1
DA:239,1
DA:240,1
DA:241,1
DA:242,1
DA:243,1
DA:244,1
DA:245,1
DA:246,1
DA:247,1
DA:248,1
DA:249,1
DA:250,1
DA:251,1
DA:252,1
DA:253,1
DA:254,1
DA:255,1
DA:256,1
DA:257,1
DA:258,1
DA:259,1
DA:260,1
DA:261,1
DA:262,1
DA:263,1
DA:264,1
DA:265,1
DA:266,1
DA:267,1
DA:268,1
DA:269,1
DA:270,1
DA:271,1
DA:272,1
DA:273,1
DA:274,1
DA:275,1
DA:276,1
DA:277,1
DA:278,1
DA:279,1
DA:280,1
DA:281,1
DA:282,1
DA:283,1
DA:284,1
DA:285,1
DA:286,1
DA:287,1
DA:288,1
DA:289,1
DA:290,1
DA:291,1
DA:292,1
DA:293,1
DA:294,1
DA:295,1
DA:296,1
DA:297,1
DA:298,1
DA:299,1
LF:299
LH:299
BRF:8
BRH:6
BRDA:43,0,0,6
BRDA:43,0,1,0
BRDA:59,1,0,6
BRDA:59,1,1,0
BRDA:66,2,0,6
BRDA:66,2,1,0
BRDA:73,3,0,6
BRDA:73,3,1,0
BRDA:100,4,0,4
BRDA:100,4,1,0
BRDA:126,5,0,2
BRDA:126,5,1,0
BRDA:127,6,0,2
BRDA:127,6,1,0
BRDA:128,7,0,2
BRDA:128,7,1,0
end_of_record
TN:
SF:src/pages/HabrArticlePage.ts
FN:1,(anonymous_0)
FN:20,HabrArticlePage
FN:24,(anonymous_2)
FN:32,constructor
FN:36,navigate
FN:45,closePopupIfExists
FN:58,getArticleData
FN:90,isArticleLoaded
FN:104,upvoteArticle
FN:112,downvoteArticle
FN:120,bookmarkArticle
FN:128,scrollToComments
FN:136,isCommentsSectionVisible
FN:144,getCommentsCount
FN:152,getReadingTime
FNF:15
FNH:10
FNDA:1,(anonymous_0)
FNDA:5,HabrArticlePage
FNDA:8,(anonymous_2)
FNDA:5,constructor
FNDA:3,navigate
FNDA:3,closePopupIfExists
FNDA:2,getArticleData
FNDA:2,isArticleLoaded
FNDA:1,upvoteArticle
FNDA:1,downvoteArticle
FNDA:1,bookmarkArticle
FNDA:1,scrollToComments
FNDA:1,isCommentsSectionVisible
FNDA:1,getCommentsCount
FNDA:1,getReadingTime
DA:1,1
DA:20,5
DA:21,5
DA:22,5
DA:24,8
DA:25,8
DA:26,8
DA:27,8
DA:32,5
DA:33,5
DA:34,5
DA:35,5
DA:36,3
DA:37,3
DA:38,3
DA:39,3
DA:40,3
DA:41,3
DA:42,3
DA:43,3
DA:44,3
DA:45,3
DA:46,3
DA:47,3
DA:48,3
DA:49,3
DA:50,3
DA:51,3
DA:52,3
DA:53,3
DA:54,3
DA:55,3
DA:56,3
DA:57,3
DA:58,2
DA:59,2
DA:60,2
DA:61,2
DA:62,2
DA:63,2
DA:64,2
DA:65,2
DA:66,2
DA:67,2
DA:68,2
DA:69,2
DA:70,2
DA:71,2
DA:72,2
DA:73,2
DA:74,2
DA:75,2
DA:76,2
DA:77,2
DA:78,2
DA:79,2
DA:80,2
DA:81,2
DA:82,2
DA:83,2
DA:84,2
DA:85,2
DA:86,2
DA:87,2
DA:88,2
DA:89,2
DA:90,2
DA:91,2
DA:92,2
DA:93,2
DA:94,2
DA:95,2
DA:96,2
DA:97,2
DA:98,2
DA:99,2
DA:100,2
DA:101,2
DA:102,2
DA:103,2
DA:104,1
DA:105,1
DA:106,1
DA:107,1
DA:108,1
DA:109,1
DA:110,1
DA:111,1
DA:112,1
DA:113,1
DA:114,1
DA:115,1
DA:116,1
DA:117,1
DA:118,1
DA:119,1
DA:120,1
DA:121,1
DA:122,1
DA:123,1
DA:124,1
DA:125,1
DA:126,1
DA:127,1
DA:128,1
DA:129,1
DA:130,1
DA:131,1
DA:132,1
DA:133,1
DA:134,1
DA:135,1
DA:136,1
DA:137,1
DA:138,1
DA:139,1
DA:140,1
DA:141,1
DA:142,1
DA:143,1
DA:144,1
DA:145,1
DA:146,1
DA:147,1
DA:148,1
DA:149,1
DA:150,1
DA:151,1
DA:152,1
DA:153,1
DA:154,1
DA:155,1
DA:156,1
DA:157,1
DA:158,1
DA:159,1
DA:160,1
DA:161,1
DA:162,1
LF:162
LH:162
BRF:4
BRH:2
BRDA:37,0,0,3
BRDA:37,0,1,0
BRDA:46,1,0,3
BRDA:46,1,1,0
BRDA:91,2,0,2
BRDA:91,2,1,0
BRDA:92,3,0,2
BRDA:92,3,1,0
end_of_record
TN:
SF:src/tests/habr.smoke.test.ts
FN:1,(anonymous_0)
FN:18,describe
FN:31,beforeAll
FN:39,(anonymous_3)
FN:42,describe
FN:49,test
FN:63,test
FN:77,test
FN:91,test
FN:105,(anonymous_8)
FN:108,describe
FN:115,test
FN:129,test
FN:143,(anonymous_11)
FN:146,describe
FN:159,test
FNF:14
FNH:14
FNDA:1,(anonymous_0)
FNDA:1,describe
FNDA:1,beforeAll
FNDA:1,(anonymous_3)
FNDA:1,describe
FNDA:1,test
FNDA:1,test
FNDA:1,test
FNDA:1,test
FNDA:1,(anonymous_8)
FNDA:1,describe
FNDA:1,test
FNDA:1,test
FNDA:1,(anonymous_11)
FNDA:1,describe
FNDA:3,test
DA:1,1
DA:18,1
DA:19,1
DA:20,1
DA:21,1
DA:22,1
DA:23,1
DA:24,1
DA:25,1
DA:26,1
DA:27,1
DA:28,1
DA:29,1
DA:30,1
DA:31,1
DA:32,1
DA:33,1
DA:34,1
DA:35,1
DA:36,1
DA:37,1
DA:38,1
DA:39,1
DA:40,1
DA:41,1
DA:42,1
DA:43,1
DA:44,1
DA:45,1
DA:46,1
DA:47,1
DA:48,1
DA:49,1
DA:50,1
DA:51,1
DA:52,1
DA:53,1
DA:54,1
DA:55,1
DA:56,1
DA:57,1
DA:58,1
DA:59,1
DA:60,1
DA:61,1
DA:62,1
DA:63,1
DA:64,1
DA:65,1
DA:66,1
DA:67,1
DA:68,1
DA:69,1
DA:70,1
DA:71,1
DA:72,1
DA:73,1
DA:74,1
DA:75,1
DA:76,1
DA:77,1
DA:78,1
DA:79,1
DA:80,1
DA:81,1
DA:82,1
DA:83,1
DA:84,1
DA:85,1
DA:86,1
DA:87,1
DA:88,1
DA:89,1
DA:90,1
DA:91,1
DA:92,1
DA:93,1
DA:94,1
DA:95,1
DA:96,1
DA:97,1
DA:98,1
DA:99,1
DA:100,1
DA:101,1
DA:102,1
DA:103,1
DA:104,1
DA:105,1
DA:106,1
DA:107,1
DA:108,1
DA:109,1
DA:110,1
DA:111,1
DA:112,1
DA:113,1
DA:114,1
DA:115,1
DA:116,1
DA:117,1
DA:118,1
DA:119,1
DA:120,1
DA:121,1
DA:122,1
DA:123,1
DA:124,1
DA:125,1
DA:126,1
DA:127,1
DA:128,1
DA:129,1
DA:130,1
DA:131,1
DA:132,1
DA:133,1
DA:134,1
DA:135,1
DA:136,1
DA:137,1
DA:138,1
DA:139,1
DA:140,1
DA:141,1
DA:142,1
DA:143,1
DA:144,1
DA:145,1
DA:146,1
DA:147,1
DA:148,1
DA:149,1
DA:150,1
DA:151,1
DA:152,1
DA:153,1
DA:154,1
DA:155,1
DA:156,1
DA:157,1
DA:158,1
DA:159,1
DA:160,1
DA:161,1
DA:162,1
DA:163,1
DA:164,1
DA:165,1
DA:166,1
DA:167,1
DA:168,1
DA:169,1
DA:170,1
DA:171,1
DA:172,1
DA:173,1
DA:174,1
DA:175,1
DA:176,1
DA:177,1
DA:178,1
DA:179,1
DA:180,1
DA:181,1
DA:182,1
DA:183,1
DA:184,1
DA:185,1
DA:186,1
DA:187,1
DA:188,1
DA:189,1
DA:190,1
DA:191,1
DA:192,1
DA:193,1
DA:194,1
DA:195,1
DA:196,1
DA:197,1
DA:198,1
DA:199,1
DA:200,1
LF:200
LH:200
BRF:0
BRH:0
end_of_record